2023-12-04 22:07:10.431915: I tensorflow/core/util/port.cc:110] oneDNN custom operations are on. You may see slightly different numerical results due to floating-point round-off errors from different computation orders. To turn them off, set the environment variable `TF_ENABLE_ONEDNN_OPTS=0`.
2023-12-04 22:07:10.433760: I tensorflow/tsl/cuda/cudart_stub.cc:28] Could not find cuda drivers on your machine, GPU will not be used.
2023-12-04 22:07:10.471185: I tensorflow/tsl/cuda/cudart_stub.cc:28] Could not find cuda drivers on your machine, GPU will not be used.
2023-12-04 22:07:10.471625: I tensorflow/core/platform/cpu_feature_guard.cc:182] This TensorFlow binary is optimized to use available CPU instructions in performance-critical operations.
To enable the following instructions: AVX2 AVX512F AVX512_VNNI FMA, in other operations, rebuild TensorFlow with the appropriate compiler flags.
2023-12-04 22:07:11.543710: W tensorflow/compiler/tf2tensorrt/utils/py_utils.cc:38] TF-TRT Warning: Could not find TensorRT
2023-12-04 22:07:12.865330: W tensorflow/core/common_runtime/gpu/gpu_device.cc:1960] Cannot dlopen some GPU libraries. Please make sure the missing libraries mentioned above are installed properly if you would like to use GPU. Follow the guide at https://www.tensorflow.org/install/gpu for how to download and setup the required libraries for your platform.
Skipping registering GPU devices...
Exception ignored in: <function AtomicFunction.__del__ at 0x7fe988b7baf0>
Traceback (most recent call last):
  File "/software/python-anaconda-2021.05-el8-x86_64/lib/python3.8/site-packages/tensorflow/python/eager/polymorphic_function/atomic_function.py", line 218, in __del__
TypeError: 'NoneType' object is not subscriptable
Exception ignored in: <function AtomicFunction.__del__ at 0x7fe988b7baf0>
Traceback (most recent call last):
  File "/software/python-anaconda-2021.05-el8-x86_64/lib/python3.8/site-packages/tensorflow/python/eager/polymorphic_function/atomic_function.py", line 218, in __del__
TypeError: 'NoneType' object is not subscriptable
Exception ignored in: <function AtomicFunction.__del__ at 0x7fe988b7baf0>
Traceback (most recent call last):
  File "/software/python-anaconda-2021.05-el8-x86_64/lib/python3.8/site-packages/tensorflow/python/eager/polymorphic_function/atomic_function.py", line 218, in __del__
TypeError: 'NoneType' object is not subscriptable
Exception ignored in: <function AtomicFunction.__del__ at 0x7fe988b7baf0>
Traceback (most recent call last):
  File "/software/python-anaconda-2021.05-el8-x86_64/lib/python3.8/site-packages/tensorflow/python/eager/polymorphic_function/atomic_function.py", line 218, in __del__
TypeError: 'NoneType' object is not subscriptable
Exception ignored in: <function AtomicFunction.__del__ at 0x7fe988b7baf0>
Traceback (most recent call last):
  File "/software/python-anaconda-2021.05-el8-x86_64/lib/python3.8/site-packages/tensorflow/python/eager/polymorphic_function/atomic_function.py", line 218, in __del__
TypeError: 'NoneType' object is not subscriptable
Exception ignored in: <function AtomicFunction.__del__ at 0x7fe988b7baf0>
Traceback (most recent call last):
  File "/software/python-anaconda-2021.05-el8-x86_64/lib/python3.8/site-packages/tensorflow/python/eager/polymorphic_function/atomic_function.py", line 218, in __del__
TypeError: 'NoneType' object is not subscriptable
Exception ignored in: <function AtomicFunction.__del__ at 0x7fe988b7baf0>
Traceback (most recent call last):
  File "/software/python-anaconda-2021.05-el8-x86_64/lib/python3.8/site-packages/tensorflow/python/eager/polymorphic_function/atomic_function.py", line 218, in __del__
TypeError: 'NoneType' object is not subscriptable
Exception ignored in: <function AtomicFunction.__del__ at 0x7fe988b7baf0>
Traceback (most recent call last):
  File "/software/python-anaconda-2021.05-el8-x86_64/lib/python3.8/site-packages/tensorflow/python/eager/polymorphic_function/atomic_function.py", line 218, in __del__
TypeError: 'NoneType' object is not subscriptable
Exception ignored in: <function AtomicFunction.__del__ at 0x7fe988b7baf0>
Traceback (most recent call last):
  File "/software/python-anaconda-2021.05-el8-x86_64/lib/python3.8/site-packages/tensorflow/python/eager/polymorphic_function/atomic_function.py", line 218, in __del__
TypeError: 'NoneType' object is not subscriptable
Exception ignored in: <function AtomicFunction.__del__ at 0x7fe988b7baf0>
Traceback (most recent call last):
  File "/software/python-anaconda-2021.05-el8-x86_64/lib/python3.8/site-packages/tensorflow/python/eager/polymorphic_function/atomic_function.py", line 218, in __del__
TypeError: 'NoneType' object is not subscriptable
Exception ignored in: <function AtomicFunction.__del__ at 0x7fe988b7baf0>
Traceback (most recent call last):
  File "/software/python-anaconda-2021.05-el8-x86_64/lib/python3.8/site-packages/tensorflow/python/eager/polymorphic_function/atomic_function.py", line 218, in __del__
TypeError: 'NoneType' object is not subscriptable
Exception ignored in: <function AtomicFunction.__del__ at 0x7fe988b7baf0>
Traceback (most recent call last):
  File "/software/python-anaconda-2021.05-el8-x86_64/lib/python3.8/site-packages/tensorflow/python/eager/polymorphic_function/atomic_function.py", line 218, in __del__
TypeError: 'NoneType' object is not subscriptable
Exception ignored in: <function AtomicFunction.__del__ at 0x7fe988b7baf0>
Traceback (most recent call last):
  File "/software/python-anaconda-2021.05-el8-x86_64/lib/python3.8/site-packages/tensorflow/python/eager/polymorphic_function/atomic_function.py", line 218, in __del__
TypeError: 'NoneType' object is not subscriptable
Exception ignored in: <function AtomicFunction.__del__ at 0x7fe988b7baf0>
Traceback (most recent call last):
  File "/software/python-anaconda-2021.05-el8-x86_64/lib/python3.8/site-packages/tensorflow/python/eager/polymorphic_function/atomic_function.py", line 218, in __del__
TypeError: 'NoneType' object is not subscriptable
Exception ignored in: <function AtomicFunction.__del__ at 0x7fe988b7baf0>
Traceback (most recent call last):
  File "/software/python-anaconda-2021.05-el8-x86_64/lib/python3.8/site-packages/tensorflow/python/eager/polymorphic_function/atomic_function.py", line 218, in __del__
TypeError: 'NoneType' object is not subscriptable
Exception ignored in: <function AtomicFunction.__del__ at 0x7fe988b7baf0>
Traceback (most recent call last):
  File "/software/python-anaconda-2021.05-el8-x86_64/lib/python3.8/site-packages/tensorflow/python/eager/polymorphic_function/atomic_function.py", line 218, in __del__
TypeError: 'NoneType' object is not subscriptable
Exception ignored in: <function AtomicFunction.__del__ at 0x7fe988b7baf0>
Traceback (most recent call last):
  File "/software/python-anaconda-2021.05-el8-x86_64/lib/python3.8/site-packages/tensorflow/python/eager/polymorphic_function/atomic_function.py", line 218, in __del__
TypeError: 'NoneType' object is not subscriptable
Exception ignored in: <function AtomicFunction.__del__ at 0x7fe988b7baf0>
Traceback (most recent call last):
  File "/software/python-anaconda-2021.05-el8-x86_64/lib/python3.8/site-packages/tensorflow/python/eager/polymorphic_function/atomic_function.py", line 218, in __del__
TypeError: 'NoneType' object is not subscriptable
Exception ignored in: <function AtomicFunction.__del__ at 0x7fe988b7baf0>
Traceback (most recent call last):
  File "/software/python-anaconda-2021.05-el8-x86_64/lib/python3.8/site-packages/tensorflow/python/eager/polymorphic_function/atomic_function.py", line 218, in __del__
TypeError: 'NoneType' object is not subscriptable
Exception ignored in: <function AtomicFunction.__del__ at 0x7fe988b7baf0>
Traceback (most recent call last):
  File "/software/python-anaconda-2021.05-el8-x86_64/lib/python3.8/site-packages/tensorflow/python/eager/polymorphic_function/atomic_function.py", line 218, in __del__
TypeError: 'NoneType' object is not subscriptable
Exception ignored in: <function AtomicFunction.__del__ at 0x7fe988b7baf0>
Traceback (most recent call last):
  File "/software/python-anaconda-2021.05-el8-x86_64/lib/python3.8/site-packages/tensorflow/python/eager/polymorphic_function/atomic_function.py", line 218, in __del__
TypeError: 'NoneType' object is not subscriptable
Exception ignored in: <function AtomicFunction.__del__ at 0x7fe988b7baf0>
Traceback (most recent call last):
  File "/software/python-anaconda-2021.05-el8-x86_64/lib/python3.8/site-packages/tensorflow/python/eager/polymorphic_function/atomic_function.py", line 218, in __del__
TypeError: 'NoneType' object is not subscriptable
Exception ignored in: <function AtomicFunction.__del__ at 0x7fe988b7baf0>
Traceback (most recent call last):
  File "/software/python-anaconda-2021.05-el8-x86_64/lib/python3.8/site-packages/tensorflow/python/eager/polymorphic_function/atomic_function.py", line 218, in __del__
TypeError: 'NoneType' object is not subscriptable
Exception ignored in: <function AtomicFunction.__del__ at 0x7fe988b7baf0>
Traceback (most recent call last):
  File "/software/python-anaconda-2021.05-el8-x86_64/lib/python3.8/site-packages/tensorflow/python/eager/polymorphic_function/atomic_function.py", line 218, in __del__
TypeError: 'NoneType' object is not subscriptable
Exception ignored in: <function AtomicFunction.__del__ at 0x7fe988b7baf0>
Traceback (most recent call last):
  File "/software/python-anaconda-2021.05-el8-x86_64/lib/python3.8/site-packages/tensorflow/python/eager/polymorphic_function/atomic_function.py", line 218, in __del__
TypeError: 'NoneType' object is not subscriptable
Exception ignored in: <function AtomicFunction.__del__ at 0x7fe988b7baf0>
Traceback (most recent call last):
  File "/software/python-anaconda-2021.05-el8-x86_64/lib/python3.8/site-packages/tensorflow/python/eager/polymorphic_function/atomic_function.py", line 218, in __del__
TypeError: 'NoneType' object is not subscriptable
Exception ignored in: <function AtomicFunction.__del__ at 0x7fe988b7baf0>
Traceback (most recent call last):
  File "/software/python-anaconda-2021.05-el8-x86_64/lib/python3.8/site-packages/tensorflow/python/eager/polymorphic_function/atomic_function.py", line 218, in __del__
TypeError: 'NoneType' object is not subscriptable
Exception ignored in: <function AtomicFunction.__del__ at 0x7fe988b7baf0>
Traceback (most recent call last):
  File "/software/python-anaconda-2021.05-el8-x86_64/lib/python3.8/site-packages/tensorflow/python/eager/polymorphic_function/atomic_function.py", line 218, in __del__
TypeError: 'NoneType' object is not subscriptable
Exception ignored in: <function AtomicFunction.__del__ at 0x7fe988b7baf0>
Traceback (most recent call last):
  File "/software/python-anaconda-2021.05-el8-x86_64/lib/python3.8/site-packages/tensorflow/python/eager/polymorphic_function/atomic_function.py", line 218, in __del__
TypeError: 'NoneType' object is not subscriptable
Exception ignored in: <function AtomicFunction.__del__ at 0x7fe988b7baf0>
Traceback (most recent call last):
  File "/software/python-anaconda-2021.05-el8-x86_64/lib/python3.8/site-packages/tensorflow/python/eager/polymorphic_function/atomic_function.py", line 218, in __del__
TypeError: 'NoneType' object is not subscriptable
2023-12-04 22:08:47.417564: I tensorflow/core/util/port.cc:110] oneDNN custom operations are on. You may see slightly different numerical results due to floating-point round-off errors from different computation orders. To turn them off, set the environment variable `TF_ENABLE_ONEDNN_OPTS=0`.
2023-12-04 22:08:47.419308: I tensorflow/tsl/cuda/cudart_stub.cc:28] Could not find cuda drivers on your machine, GPU will not be used.
2023-12-04 22:08:47.456749: I tensorflow/tsl/cuda/cudart_stub.cc:28] Could not find cuda drivers on your machine, GPU will not be used.
2023-12-04 22:08:47.457202: I tensorflow/core/platform/cpu_feature_guard.cc:182] This TensorFlow binary is optimized to use available CPU instructions in performance-critical operations.
To enable the following instructions: AVX2 AVX512F AVX512_VNNI FMA, in other operations, rebuild TensorFlow with the appropriate compiler flags.
2023-12-04 22:08:48.515429: W tensorflow/compiler/tf2tensorrt/utils/py_utils.cc:38] TF-TRT Warning: Could not find TensorRT
2023-12-04 22:08:49.819174: W tensorflow/core/common_runtime/gpu/gpu_device.cc:1960] Cannot dlopen some GPU libraries. Please make sure the missing libraries mentioned above are installed properly if you would like to use GPU. Follow the guide at https://www.tensorflow.org/install/gpu for how to download and setup the required libraries for your platform.
Skipping registering GPU devices...
Exception ignored in: <function AtomicFunction.__del__ at 0x7f68a173ba60>
Traceback (most recent call last):
  File "/software/python-anaconda-2021.05-el8-x86_64/lib/python3.8/site-packages/tensorflow/python/eager/polymorphic_function/atomic_function.py", line 218, in __del__
TypeError: 'NoneType' object is not subscriptable
Exception ignored in: <function AtomicFunction.__del__ at 0x7f68a173ba60>
Traceback (most recent call last):
  File "/software/python-anaconda-2021.05-el8-x86_64/lib/python3.8/site-packages/tensorflow/python/eager/polymorphic_function/atomic_function.py", line 218, in __del__
TypeError: 'NoneType' object is not subscriptable
Exception ignored in: <function AtomicFunction.__del__ at 0x7f68a173ba60>
Traceback (most recent call last):
  File "/software/python-anaconda-2021.05-el8-x86_64/lib/python3.8/site-packages/tensorflow/python/eager/polymorphic_function/atomic_function.py", line 218, in __del__
TypeError: 'NoneType' object is not subscriptable
Exception ignored in: <function AtomicFunction.__del__ at 0x7f68a173ba60>
Traceback (most recent call last):
  File "/software/python-anaconda-2021.05-el8-x86_64/lib/python3.8/site-packages/tensorflow/python/eager/polymorphic_function/atomic_function.py", line 218, in __del__
TypeError: 'NoneType' object is not subscriptable
Exception ignored in: <function AtomicFunction.__del__ at 0x7f68a173ba60>
Traceback (most recent call last):
  File "/software/python-anaconda-2021.05-el8-x86_64/lib/python3.8/site-packages/tensorflow/python/eager/polymorphic_function/atomic_function.py", line 218, in __del__
TypeError: 'NoneType' object is not subscriptable
Exception ignored in: <function AtomicFunction.__del__ at 0x7f68a173ba60>
Traceback (most recent call last):
  File "/software/python-anaconda-2021.05-el8-x86_64/lib/python3.8/site-packages/tensorflow/python/eager/polymorphic_function/atomic_function.py", line 218, in __del__
TypeError: 'NoneType' object is not subscriptable
Exception ignored in: <function AtomicFunction.__del__ at 0x7f68a173ba60>
Traceback (most recent call last):
  File "/software/python-anaconda-2021.05-el8-x86_64/lib/python3.8/site-packages/tensorflow/python/eager/polymorphic_function/atomic_function.py", line 218, in __del__
TypeError: 'NoneType' object is not subscriptable
Exception ignored in: <function AtomicFunction.__del__ at 0x7f68a173ba60>
Traceback (most recent call last):
  File "/software/python-anaconda-2021.05-el8-x86_64/lib/python3.8/site-packages/tensorflow/python/eager/polymorphic_function/atomic_function.py", line 218, in __del__
TypeError: 'NoneType' object is not subscriptable
Exception ignored in: <function AtomicFunction.__del__ at 0x7f68a173ba60>
Traceback (most recent call last):
  File "/software/python-anaconda-2021.05-el8-x86_64/lib/python3.8/site-packages/tensorflow/python/eager/polymorphic_function/atomic_function.py", line 218, in __del__
TypeError: 'NoneType' object is not subscriptable
Exception ignored in: <function AtomicFunction.__del__ at 0x7f68a173ba60>
Traceback (most recent call last):
  File "/software/python-anaconda-2021.05-el8-x86_64/lib/python3.8/site-packages/tensorflow/python/eager/polymorphic_function/atomic_function.py", line 218, in __del__
TypeError: 'NoneType' object is not subscriptable
Exception ignored in: <function AtomicFunction.__del__ at 0x7f68a173ba60>
Traceback (most recent call last):
  File "/software/python-anaconda-2021.05-el8-x86_64/lib/python3.8/site-packages/tensorflow/python/eager/polymorphic_function/atomic_function.py", line 218, in __del__
TypeError: 'NoneType' object is not subscriptable
Exception ignored in: <function AtomicFunction.__del__ at 0x7f68a173ba60>
Traceback (most recent call last):
  File "/software/python-anaconda-2021.05-el8-x86_64/lib/python3.8/site-packages/tensorflow/python/eager/polymorphic_function/atomic_function.py", line 218, in __del__
TypeError: 'NoneType' object is not subscriptable
Exception ignored in: <function AtomicFunction.__del__ at 0x7f68a173ba60>
Traceback (most recent call last):
  File "/software/python-anaconda-2021.05-el8-x86_64/lib/python3.8/site-packages/tensorflow/python/eager/polymorphic_function/atomic_function.py", line 218, in __del__
TypeError: 'NoneType' object is not subscriptable
Exception ignored in: <function AtomicFunction.__del__ at 0x7f68a173ba60>
Traceback (most recent call last):
  File "/software/python-anaconda-2021.05-el8-x86_64/lib/python3.8/site-packages/tensorflow/python/eager/polymorphic_function/atomic_function.py", line 218, in __del__
TypeError: 'NoneType' object is not subscriptable
Exception ignored in: <function AtomicFunction.__del__ at 0x7f68a173ba60>
Traceback (most recent call last):
  File "/software/python-anaconda-2021.05-el8-x86_64/lib/python3.8/site-packages/tensorflow/python/eager/polymorphic_function/atomic_function.py", line 218, in __del__
TypeError: 'NoneType' object is not subscriptable
Exception ignored in: <function AtomicFunction.__del__ at 0x7f68a173ba60>
Traceback (most recent call last):
  File "/software/python-anaconda-2021.05-el8-x86_64/lib/python3.8/site-packages/tensorflow/python/eager/polymorphic_function/atomic_function.py", line 218, in __del__
TypeError: 'NoneType' object is not subscriptable
Exception ignored in: <function AtomicFunction.__del__ at 0x7f68a173ba60>
Traceback (most recent call last):
  File "/software/python-anaconda-2021.05-el8-x86_64/lib/python3.8/site-packages/tensorflow/python/eager/polymorphic_function/atomic_function.py", line 218, in __del__
TypeError: 'NoneType' object is not subscriptable
Exception ignored in: <function AtomicFunction.__del__ at 0x7f68a173ba60>
Traceback (most recent call last):
  File "/software/python-anaconda-2021.05-el8-x86_64/lib/python3.8/site-packages/tensorflow/python/eager/polymorphic_function/atomic_function.py", line 218, in __del__
TypeError: 'NoneType' object is not subscriptable
Exception ignored in: <function AtomicFunction.__del__ at 0x7f68a173ba60>
Traceback (most recent call last):
  File "/software/python-anaconda-2021.05-el8-x86_64/lib/python3.8/site-packages/tensorflow/python/eager/polymorphic_function/atomic_function.py", line 218, in __del__
TypeError: 'NoneType' object is not subscriptable
Exception ignored in: <function AtomicFunction.__del__ at 0x7f68a173ba60>
Traceback (most recent call last):
  File "/software/python-anaconda-2021.05-el8-x86_64/lib/python3.8/site-packages/tensorflow/python/eager/polymorphic_function/atomic_function.py", line 218, in __del__
TypeError: 'NoneType' object is not subscriptable
Exception ignored in: <function AtomicFunction.__del__ at 0x7f68a173ba60>
Traceback (most recent call last):
  File "/software/python-anaconda-2021.05-el8-x86_64/lib/python3.8/site-packages/tensorflow/python/eager/polymorphic_function/atomic_function.py", line 218, in __del__
TypeError: 'NoneType' object is not subscriptable
Exception ignored in: <function AtomicFunction.__del__ at 0x7f68a173ba60>
Traceback (most recent call last):
  File "/software/python-anaconda-2021.05-el8-x86_64/lib/python3.8/site-packages/tensorflow/python/eager/polymorphic_function/atomic_function.py", line 218, in __del__
TypeError: 'NoneType' object is not subscriptable
Exception ignored in: <function AtomicFunction.__del__ at 0x7f68a173ba60>
Traceback (most recent call last):
  File "/software/python-anaconda-2021.05-el8-x86_64/lib/python3.8/site-packages/tensorflow/python/eager/polymorphic_function/atomic_function.py", line 218, in __del__
TypeError: 'NoneType' object is not subscriptable
Exception ignored in: <function AtomicFunction.__del__ at 0x7f68a173ba60>
Traceback (most recent call last):
  File "/software/python-anaconda-2021.05-el8-x86_64/lib/python3.8/site-packages/tensorflow/python/eager/polymorphic_function/atomic_function.py", line 218, in __del__
TypeError: 'NoneType' object is not subscriptable
Exception ignored in: <function AtomicFunction.__del__ at 0x7f68a173ba60>
Traceback (most recent call last):
  File "/software/python-anaconda-2021.05-el8-x86_64/lib/python3.8/site-packages/tensorflow/python/eager/polymorphic_function/atomic_function.py", line 218, in __del__
TypeError: 'NoneType' object is not subscriptable
Exception ignored in: <function AtomicFunction.__del__ at 0x7f68a173ba60>
Traceback (most recent call last):
  File "/software/python-anaconda-2021.05-el8-x86_64/lib/python3.8/site-packages/tensorflow/python/eager/polymorphic_function/atomic_function.py", line 218, in __del__
TypeError: 'NoneType' object is not subscriptable
Exception ignored in: <function AtomicFunction.__del__ at 0x7f68a173ba60>
Traceback (most recent call last):
  File "/software/python-anaconda-2021.05-el8-x86_64/lib/python3.8/site-packages/tensorflow/python/eager/polymorphic_function/atomic_function.py", line 218, in __del__
TypeError: 'NoneType' object is not subscriptable
Exception ignored in: <function AtomicFunction.__del__ at 0x7f68a173ba60>
Traceback (most recent call last):
  File "/software/python-anaconda-2021.05-el8-x86_64/lib/python3.8/site-packages/tensorflow/python/eager/polymorphic_function/atomic_function.py", line 218, in __del__
TypeError: 'NoneType' object is not subscriptable
Exception ignored in: <function AtomicFunction.__del__ at 0x7f68a173ba60>
Traceback (most recent call last):
  File "/software/python-anaconda-2021.05-el8-x86_64/lib/python3.8/site-packages/tensorflow/python/eager/polymorphic_function/atomic_function.py", line 218, in __del__
TypeError: 'NoneType' object is not subscriptable
Exception ignored in: <function AtomicFunction.__del__ at 0x7f68a173ba60>
Traceback (most recent call last):
  File "/software/python-anaconda-2021.05-el8-x86_64/lib/python3.8/site-packages/tensorflow/python/eager/polymorphic_function/atomic_function.py", line 218, in __del__
TypeError: 'NoneType' object is not subscriptable
2023-12-04 22:10:07.629746: I tensorflow/core/util/port.cc:110] oneDNN custom operations are on. You may see slightly different numerical results due to floating-point round-off errors from different computation orders. To turn them off, set the environment variable `TF_ENABLE_ONEDNN_OPTS=0`.
2023-12-04 22:10:07.631509: I tensorflow/tsl/cuda/cudart_stub.cc:28] Could not find cuda drivers on your machine, GPU will not be used.
2023-12-04 22:10:07.668970: I tensorflow/tsl/cuda/cudart_stub.cc:28] Could not find cuda drivers on your machine, GPU will not be used.
2023-12-04 22:10:07.669415: I tensorflow/core/platform/cpu_feature_guard.cc:182] This TensorFlow binary is optimized to use available CPU instructions in performance-critical operations.
To enable the following instructions: AVX2 AVX512F AVX512_VNNI FMA, in other operations, rebuild TensorFlow with the appropriate compiler flags.
2023-12-04 22:10:08.724475: W tensorflow/compiler/tf2tensorrt/utils/py_utils.cc:38] TF-TRT Warning: Could not find TensorRT
2023-12-04 22:10:10.029037: W tensorflow/core/common_runtime/gpu/gpu_device.cc:1960] Cannot dlopen some GPU libraries. Please make sure the missing libraries mentioned above are installed properly if you would like to use GPU. Follow the guide at https://www.tensorflow.org/install/gpu for how to download and setup the required libraries for your platform.
Skipping registering GPU devices...
Exception ignored in: <function AtomicFunction.__del__ at 0x7fdb25c9aaf0>
Traceback (most recent call last):
  File "/software/python-anaconda-2021.05-el8-x86_64/lib/python3.8/site-packages/tensorflow/python/eager/polymorphic_function/atomic_function.py", line 218, in __del__
TypeError: 'NoneType' object is not subscriptable
Exception ignored in: <function AtomicFunction.__del__ at 0x7fdb25c9aaf0>
Traceback (most recent call last):
  File "/software/python-anaconda-2021.05-el8-x86_64/lib/python3.8/site-packages/tensorflow/python/eager/polymorphic_function/atomic_function.py", line 218, in __del__
TypeError: 'NoneType' object is not subscriptable
Exception ignored in: <function AtomicFunction.__del__ at 0x7fdb25c9aaf0>
Traceback (most recent call last):
  File "/software/python-anaconda-2021.05-el8-x86_64/lib/python3.8/site-packages/tensorflow/python/eager/polymorphic_function/atomic_function.py", line 218, in __del__
TypeError: 'NoneType' object is not subscriptable
Exception ignored in: <function AtomicFunction.__del__ at 0x7fdb25c9aaf0>
Traceback (most recent call last):
  File "/software/python-anaconda-2021.05-el8-x86_64/lib/python3.8/site-packages/tensorflow/python/eager/polymorphic_function/atomic_function.py", line 218, in __del__
TypeError: 'NoneType' object is not subscriptable
Exception ignored in: <function AtomicFunction.__del__ at 0x7fdb25c9aaf0>
Traceback (most recent call last):
  File "/software/python-anaconda-2021.05-el8-x86_64/lib/python3.8/site-packages/tensorflow/python/eager/polymorphic_function/atomic_function.py", line 218, in __del__
TypeError: 'NoneType' object is not subscriptable
Exception ignored in: <function AtomicFunction.__del__ at 0x7fdb25c9aaf0>
Traceback (most recent call last):
  File "/software/python-anaconda-2021.05-el8-x86_64/lib/python3.8/site-packages/tensorflow/python/eager/polymorphic_function/atomic_function.py", line 218, in __del__
TypeError: 'NoneType' object is not subscriptable
Exception ignored in: <function AtomicFunction.__del__ at 0x7fdb25c9aaf0>
Traceback (most recent call last):
  File "/software/python-anaconda-2021.05-el8-x86_64/lib/python3.8/site-packages/tensorflow/python/eager/polymorphic_function/atomic_function.py", line 218, in __del__
TypeError: 'NoneType' object is not subscriptable
Exception ignored in: <function AtomicFunction.__del__ at 0x7fdb25c9aaf0>
Traceback (most recent call last):
  File "/software/python-anaconda-2021.05-el8-x86_64/lib/python3.8/site-packages/tensorflow/python/eager/polymorphic_function/atomic_function.py", line 218, in __del__
TypeError: 'NoneType' object is not subscriptable
Exception ignored in: <function AtomicFunction.__del__ at 0x7fdb25c9aaf0>
Traceback (most recent call last):
  File "/software/python-anaconda-2021.05-el8-x86_64/lib/python3.8/site-packages/tensorflow/python/eager/polymorphic_function/atomic_function.py", line 218, in __del__
TypeError: 'NoneType' object is not subscriptable
Exception ignored in: <function AtomicFunction.__del__ at 0x7fdb25c9aaf0>
Traceback (most recent call last):
  File "/software/python-anaconda-2021.05-el8-x86_64/lib/python3.8/site-packages/tensorflow/python/eager/polymorphic_function/atomic_function.py", line 218, in __del__
TypeError: 'NoneType' object is not subscriptable
Exception ignored in: <function AtomicFunction.__del__ at 0x7fdb25c9aaf0>
Traceback (most recent call last):
  File "/software/python-anaconda-2021.05-el8-x86_64/lib/python3.8/site-packages/tensorflow/python/eager/polymorphic_function/atomic_function.py", line 218, in __del__
TypeError: 'NoneType' object is not subscriptable
Exception ignored in: <function AtomicFunction.__del__ at 0x7fdb25c9aaf0>
Traceback (most recent call last):
  File "/software/python-anaconda-2021.05-el8-x86_64/lib/python3.8/site-packages/tensorflow/python/eager/polymorphic_function/atomic_function.py", line 218, in __del__
TypeError: 'NoneType' object is not subscriptable
Exception ignored in: <function AtomicFunction.__del__ at 0x7fdb25c9aaf0>
Traceback (most recent call last):
  File "/software/python-anaconda-2021.05-el8-x86_64/lib/python3.8/site-packages/tensorflow/python/eager/polymorphic_function/atomic_function.py", line 218, in __del__
TypeError: 'NoneType' object is not subscriptable
Exception ignored in: <function AtomicFunction.__del__ at 0x7fdb25c9aaf0>
Traceback (most recent call last):
  File "/software/python-anaconda-2021.05-el8-x86_64/lib/python3.8/site-packages/tensorflow/python/eager/polymorphic_function/atomic_function.py", line 218, in __del__
TypeError: 'NoneType' object is not subscriptable
Exception ignored in: <function AtomicFunction.__del__ at 0x7fdb25c9aaf0>
Traceback (most recent call last):
  File "/software/python-anaconda-2021.05-el8-x86_64/lib/python3.8/site-packages/tensorflow/python/eager/polymorphic_function/atomic_function.py", line 218, in __del__
TypeError: 'NoneType' object is not subscriptable
Exception ignored in: <function AtomicFunction.__del__ at 0x7fdb25c9aaf0>
Traceback (most recent call last):
  File "/software/python-anaconda-2021.05-el8-x86_64/lib/python3.8/site-packages/tensorflow/python/eager/polymorphic_function/atomic_function.py", line 218, in __del__
TypeError: 'NoneType' object is not subscriptable
Exception ignored in: <function AtomicFunction.__del__ at 0x7fdb25c9aaf0>
Traceback (most recent call last):
  File "/software/python-anaconda-2021.05-el8-x86_64/lib/python3.8/site-packages/tensorflow/python/eager/polymorphic_function/atomic_function.py", line 218, in __del__
TypeError: 'NoneType' object is not subscriptable
Exception ignored in: <function AtomicFunction.__del__ at 0x7fdb25c9aaf0>
Traceback (most recent call last):
  File "/software/python-anaconda-2021.05-el8-x86_64/lib/python3.8/site-packages/tensorflow/python/eager/polymorphic_function/atomic_function.py", line 218, in __del__
TypeError: 'NoneType' object is not subscriptable
Exception ignored in: <function AtomicFunction.__del__ at 0x7fdb25c9aaf0>
Traceback (most recent call last):
  File "/software/python-anaconda-2021.05-el8-x86_64/lib/python3.8/site-packages/tensorflow/python/eager/polymorphic_function/atomic_function.py", line 218, in __del__
TypeError: 'NoneType' object is not subscriptable
Exception ignored in: <function AtomicFunction.__del__ at 0x7fdb25c9aaf0>
Traceback (most recent call last):
  File "/software/python-anaconda-2021.05-el8-x86_64/lib/python3.8/site-packages/tensorflow/python/eager/polymorphic_function/atomic_function.py", line 218, in __del__
TypeError: 'NoneType' object is not subscriptable
Exception ignored in: <function AtomicFunction.__del__ at 0x7fdb25c9aaf0>
Traceback (most recent call last):
  File "/software/python-anaconda-2021.05-el8-x86_64/lib/python3.8/site-packages/tensorflow/python/eager/polymorphic_function/atomic_function.py", line 218, in __del__
TypeError: 'NoneType' object is not subscriptable
Exception ignored in: <function AtomicFunction.__del__ at 0x7fdb25c9aaf0>
Traceback (most recent call last):
  File "/software/python-anaconda-2021.05-el8-x86_64/lib/python3.8/site-packages/tensorflow/python/eager/polymorphic_function/atomic_function.py", line 218, in __del__
TypeError: 'NoneType' object is not subscriptable
Exception ignored in: <function AtomicFunction.__del__ at 0x7fdb25c9aaf0>
Traceback (most recent call last):
  File "/software/python-anaconda-2021.05-el8-x86_64/lib/python3.8/site-packages/tensorflow/python/eager/polymorphic_function/atomic_function.py", line 218, in __del__
TypeError: 'NoneType' object is not subscriptable
Exception ignored in: <function AtomicFunction.__del__ at 0x7fdb25c9aaf0>
Traceback (most recent call last):
  File "/software/python-anaconda-2021.05-el8-x86_64/lib/python3.8/site-packages/tensorflow/python/eager/polymorphic_function/atomic_function.py", line 218, in __del__
TypeError: 'NoneType' object is not subscriptable
Exception ignored in: <function AtomicFunction.__del__ at 0x7fdb25c9aaf0>
Traceback (most recent call last):
  File "/software/python-anaconda-2021.05-el8-x86_64/lib/python3.8/site-packages/tensorflow/python/eager/polymorphic_function/atomic_function.py", line 218, in __del__
TypeError: 'NoneType' object is not subscriptable
Exception ignored in: <function AtomicFunction.__del__ at 0x7fdb25c9aaf0>
Traceback (most recent call last):
  File "/software/python-anaconda-2021.05-el8-x86_64/lib/python3.8/site-packages/tensorflow/python/eager/polymorphic_function/atomic_function.py", line 218, in __del__
TypeError: 'NoneType' object is not subscriptable
Exception ignored in: <function AtomicFunction.__del__ at 0x7fdb25c9aaf0>
Traceback (most recent call last):
  File "/software/python-anaconda-2021.05-el8-x86_64/lib/python3.8/site-packages/tensorflow/python/eager/polymorphic_function/atomic_function.py", line 218, in __del__
TypeError: 'NoneType' object is not subscriptable
Exception ignored in: <function AtomicFunction.__del__ at 0x7fdb25c9aaf0>
Traceback (most recent call last):
  File "/software/python-anaconda-2021.05-el8-x86_64/lib/python3.8/site-packages/tensorflow/python/eager/polymorphic_function/atomic_function.py", line 218, in __del__
TypeError: 'NoneType' object is not subscriptable
Exception ignored in: <function AtomicFunction.__del__ at 0x7fdb25c9aaf0>
Traceback (most recent call last):
  File "/software/python-anaconda-2021.05-el8-x86_64/lib/python3.8/site-packages/tensorflow/python/eager/polymorphic_function/atomic_function.py", line 218, in __del__
TypeError: 'NoneType' object is not subscriptable
Exception ignored in: <function AtomicFunction.__del__ at 0x7fdb25c9aaf0>
Traceback (most recent call last):
  File "/software/python-anaconda-2021.05-el8-x86_64/lib/python3.8/site-packages/tensorflow/python/eager/polymorphic_function/atomic_function.py", line 218, in __del__
TypeError: 'NoneType' object is not subscriptable
