2023-12-05 02:45:01.789062: I tensorflow/core/util/port.cc:110] oneDNN custom operations are on. You may see slightly different numerical results due to floating-point round-off errors from different computation orders. To turn them off, set the environment variable `TF_ENABLE_ONEDNN_OPTS=0`.
2023-12-05 02:45:01.790879: I tensorflow/tsl/cuda/cudart_stub.cc:28] Could not find cuda drivers on your machine, GPU will not be used.
2023-12-05 02:45:01.829815: I tensorflow/tsl/cuda/cudart_stub.cc:28] Could not find cuda drivers on your machine, GPU will not be used.
2023-12-05 02:45:01.830282: I tensorflow/core/platform/cpu_feature_guard.cc:182] This TensorFlow binary is optimized to use available CPU instructions in performance-critical operations.
To enable the following instructions: AVX2 AVX512F AVX512_VNNI FMA, in other operations, rebuild TensorFlow with the appropriate compiler flags.
2023-12-05 02:45:02.911447: W tensorflow/compiler/tf2tensorrt/utils/py_utils.cc:38] TF-TRT Warning: Could not find TensorRT
2023-12-05 02:45:04.231847: W tensorflow/core/common_runtime/gpu/gpu_device.cc:1960] Cannot dlopen some GPU libraries. Please make sure the missing libraries mentioned above are installed properly if you would like to use GPU. Follow the guide at https://www.tensorflow.org/install/gpu for how to download and setup the required libraries for your platform.
Skipping registering GPU devices...
Exception ignored in: <function AtomicFunction.__del__ at 0x7f0f81fe9af0>
Traceback (most recent call last):
  File "/software/python-anaconda-2021.05-el8-x86_64/lib/python3.8/site-packages/tensorflow/python/eager/polymorphic_function/atomic_function.py", line 218, in __del__
TypeError: 'NoneType' object is not subscriptable
Exception ignored in: <function AtomicFunction.__del__ at 0x7f0f81fe9af0>
Traceback (most recent call last):
  File "/software/python-anaconda-2021.05-el8-x86_64/lib/python3.8/site-packages/tensorflow/python/eager/polymorphic_function/atomic_function.py", line 218, in __del__
TypeError: 'NoneType' object is not subscriptable
Exception ignored in: <function AtomicFunction.__del__ at 0x7f0f81fe9af0>
Traceback (most recent call last):
  File "/software/python-anaconda-2021.05-el8-x86_64/lib/python3.8/site-packages/tensorflow/python/eager/polymorphic_function/atomic_function.py", line 218, in __del__
TypeError: 'NoneType' object is not subscriptable
Exception ignored in: <function AtomicFunction.__del__ at 0x7f0f81fe9af0>
Traceback (most recent call last):
  File "/software/python-anaconda-2021.05-el8-x86_64/lib/python3.8/site-packages/tensorflow/python/eager/polymorphic_function/atomic_function.py", line 218, in __del__
TypeError: 'NoneType' object is not subscriptable
Exception ignored in: <function AtomicFunction.__del__ at 0x7f0f81fe9af0>
Traceback (most recent call last):
  File "/software/python-anaconda-2021.05-el8-x86_64/lib/python3.8/site-packages/tensorflow/python/eager/polymorphic_function/atomic_function.py", line 218, in __del__
TypeError: 'NoneType' object is not subscriptable
Exception ignored in: <function AtomicFunction.__del__ at 0x7f0f81fe9af0>
Traceback (most recent call last):
  File "/software/python-anaconda-2021.05-el8-x86_64/lib/python3.8/site-packages/tensorflow/python/eager/polymorphic_function/atomic_function.py", line 218, in __del__
TypeError: 'NoneType' object is not subscriptable
Exception ignored in: <function AtomicFunction.__del__ at 0x7f0f81fe9af0>
Traceback (most recent call last):
  File "/software/python-anaconda-2021.05-el8-x86_64/lib/python3.8/site-packages/tensorflow/python/eager/polymorphic_function/atomic_function.py", line 218, in __del__
TypeError: 'NoneType' object is not subscriptable
Exception ignored in: <function AtomicFunction.__del__ at 0x7f0f81fe9af0>
Traceback (most recent call last):
  File "/software/python-anaconda-2021.05-el8-x86_64/lib/python3.8/site-packages/tensorflow/python/eager/polymorphic_function/atomic_function.py", line 218, in __del__
TypeError: 'NoneType' object is not subscriptable
Exception ignored in: <function AtomicFunction.__del__ at 0x7f0f81fe9af0>
Traceback (most recent call last):
  File "/software/python-anaconda-2021.05-el8-x86_64/lib/python3.8/site-packages/tensorflow/python/eager/polymorphic_function/atomic_function.py", line 218, in __del__
TypeError: 'NoneType' object is not subscriptable
Exception ignored in: <function AtomicFunction.__del__ at 0x7f0f81fe9af0>
Traceback (most recent call last):
  File "/software/python-anaconda-2021.05-el8-x86_64/lib/python3.8/site-packages/tensorflow/python/eager/polymorphic_function/atomic_function.py", line 218, in __del__
TypeError: 'NoneType' object is not subscriptable
Exception ignored in: <function AtomicFunction.__del__ at 0x7f0f81fe9af0>
Traceback (most recent call last):
  File "/software/python-anaconda-2021.05-el8-x86_64/lib/python3.8/site-packages/tensorflow/python/eager/polymorphic_function/atomic_function.py", line 218, in __del__
TypeError: 'NoneType' object is not subscriptable
Exception ignored in: <function AtomicFunction.__del__ at 0x7f0f81fe9af0>
Traceback (most recent call last):
  File "/software/python-anaconda-2021.05-el8-x86_64/lib/python3.8/site-packages/tensorflow/python/eager/polymorphic_function/atomic_function.py", line 218, in __del__
TypeError: 'NoneType' object is not subscriptable
Exception ignored in: <function AtomicFunction.__del__ at 0x7f0f81fe9af0>
Traceback (most recent call last):
  File "/software/python-anaconda-2021.05-el8-x86_64/lib/python3.8/site-packages/tensorflow/python/eager/polymorphic_function/atomic_function.py", line 218, in __del__
TypeError: 'NoneType' object is not subscriptable
Exception ignored in: <function AtomicFunction.__del__ at 0x7f0f81fe9af0>
Traceback (most recent call last):
  File "/software/python-anaconda-2021.05-el8-x86_64/lib/python3.8/site-packages/tensorflow/python/eager/polymorphic_function/atomic_function.py", line 218, in __del__
TypeError: 'NoneType' object is not subscriptable
Exception ignored in: <function AtomicFunction.__del__ at 0x7f0f81fe9af0>
Traceback (most recent call last):
  File "/software/python-anaconda-2021.05-el8-x86_64/lib/python3.8/site-packages/tensorflow/python/eager/polymorphic_function/atomic_function.py", line 218, in __del__
TypeError: 'NoneType' object is not subscriptable
Exception ignored in: <function AtomicFunction.__del__ at 0x7f0f81fe9af0>
Traceback (most recent call last):
  File "/software/python-anaconda-2021.05-el8-x86_64/lib/python3.8/site-packages/tensorflow/python/eager/polymorphic_function/atomic_function.py", line 218, in __del__
TypeError: 'NoneType' object is not subscriptable
Exception ignored in: <function AtomicFunction.__del__ at 0x7f0f81fe9af0>
Traceback (most recent call last):
  File "/software/python-anaconda-2021.05-el8-x86_64/lib/python3.8/site-packages/tensorflow/python/eager/polymorphic_function/atomic_function.py", line 218, in __del__
TypeError: 'NoneType' object is not subscriptable
Exception ignored in: <function AtomicFunction.__del__ at 0x7f0f81fe9af0>
Traceback (most recent call last):
  File "/software/python-anaconda-2021.05-el8-x86_64/lib/python3.8/site-packages/tensorflow/python/eager/polymorphic_function/atomic_function.py", line 218, in __del__
TypeError: 'NoneType' object is not subscriptable
Exception ignored in: <function AtomicFunction.__del__ at 0x7f0f81fe9af0>
Traceback (most recent call last):
  File "/software/python-anaconda-2021.05-el8-x86_64/lib/python3.8/site-packages/tensorflow/python/eager/polymorphic_function/atomic_function.py", line 218, in __del__
TypeError: 'NoneType' object is not subscriptable
Exception ignored in: <function AtomicFunction.__del__ at 0x7f0f81fe9af0>
Traceback (most recent call last):
  File "/software/python-anaconda-2021.05-el8-x86_64/lib/python3.8/site-packages/tensorflow/python/eager/polymorphic_function/atomic_function.py", line 218, in __del__
TypeError: 'NoneType' object is not subscriptable
Exception ignored in: <function AtomicFunction.__del__ at 0x7f0f81fe9af0>
Traceback (most recent call last):
  File "/software/python-anaconda-2021.05-el8-x86_64/lib/python3.8/site-packages/tensorflow/python/eager/polymorphic_function/atomic_function.py", line 218, in __del__
TypeError: 'NoneType' object is not subscriptable
Exception ignored in: <function AtomicFunction.__del__ at 0x7f0f81fe9af0>
Traceback (most recent call last):
  File "/software/python-anaconda-2021.05-el8-x86_64/lib/python3.8/site-packages/tensorflow/python/eager/polymorphic_function/atomic_function.py", line 218, in __del__
TypeError: 'NoneType' object is not subscriptable
Exception ignored in: <function AtomicFunction.__del__ at 0x7f0f81fe9af0>
Traceback (most recent call last):
  File "/software/python-anaconda-2021.05-el8-x86_64/lib/python3.8/site-packages/tensorflow/python/eager/polymorphic_function/atomic_function.py", line 218, in __del__
TypeError: 'NoneType' object is not subscriptable
Exception ignored in: <function AtomicFunction.__del__ at 0x7f0f81fe9af0>
Traceback (most recent call last):
  File "/software/python-anaconda-2021.05-el8-x86_64/lib/python3.8/site-packages/tensorflow/python/eager/polymorphic_function/atomic_function.py", line 218, in __del__
TypeError: 'NoneType' object is not subscriptable
Exception ignored in: <function AtomicFunction.__del__ at 0x7f0f81fe9af0>
Traceback (most recent call last):
  File "/software/python-anaconda-2021.05-el8-x86_64/lib/python3.8/site-packages/tensorflow/python/eager/polymorphic_function/atomic_function.py", line 218, in __del__
TypeError: 'NoneType' object is not subscriptable
Exception ignored in: <function AtomicFunction.__del__ at 0x7f0f81fe9af0>
Traceback (most recent call last):
  File "/software/python-anaconda-2021.05-el8-x86_64/lib/python3.8/site-packages/tensorflow/python/eager/polymorphic_function/atomic_function.py", line 218, in __del__
TypeError: 'NoneType' object is not subscriptable
Exception ignored in: <function AtomicFunction.__del__ at 0x7f0f81fe9af0>
Traceback (most recent call last):
  File "/software/python-anaconda-2021.05-el8-x86_64/lib/python3.8/site-packages/tensorflow/python/eager/polymorphic_function/atomic_function.py", line 218, in __del__
TypeError: 'NoneType' object is not subscriptable
Exception ignored in: <function AtomicFunction.__del__ at 0x7f0f81fe9af0>
Traceback (most recent call last):
  File "/software/python-anaconda-2021.05-el8-x86_64/lib/python3.8/site-packages/tensorflow/python/eager/polymorphic_function/atomic_function.py", line 218, in __del__
TypeError: 'NoneType' object is not subscriptable
Exception ignored in: <function AtomicFunction.__del__ at 0x7f0f81fe9af0>
Traceback (most recent call last):
  File "/software/python-anaconda-2021.05-el8-x86_64/lib/python3.8/site-packages/tensorflow/python/eager/polymorphic_function/atomic_function.py", line 218, in __del__
TypeError: 'NoneType' object is not subscriptable
Exception ignored in: <function AtomicFunction.__del__ at 0x7f0f81fe9af0>
Traceback (most recent call last):
  File "/software/python-anaconda-2021.05-el8-x86_64/lib/python3.8/site-packages/tensorflow/python/eager/polymorphic_function/atomic_function.py", line 218, in __del__
TypeError: 'NoneType' object is not subscriptable
2023-12-05 12:41:51.969328: I tensorflow/core/util/port.cc:110] oneDNN custom operations are on. You may see slightly different numerical results due to floating-point round-off errors from different computation orders. To turn them off, set the environment variable `TF_ENABLE_ONEDNN_OPTS=0`.
2023-12-05 12:41:51.971149: I tensorflow/tsl/cuda/cudart_stub.cc:28] Could not find cuda drivers on your machine, GPU will not be used.
2023-12-05 12:41:52.010656: I tensorflow/tsl/cuda/cudart_stub.cc:28] Could not find cuda drivers on your machine, GPU will not be used.
2023-12-05 12:41:52.011142: I tensorflow/core/platform/cpu_feature_guard.cc:182] This TensorFlow binary is optimized to use available CPU instructions in performance-critical operations.
To enable the following instructions: AVX2 AVX512F AVX512_VNNI FMA, in other operations, rebuild TensorFlow with the appropriate compiler flags.
2023-12-05 12:41:53.124258: W tensorflow/compiler/tf2tensorrt/utils/py_utils.cc:38] TF-TRT Warning: Could not find TensorRT
2023-12-05 12:41:54.502949: W tensorflow/core/common_runtime/gpu/gpu_device.cc:1960] Cannot dlopen some GPU libraries. Please make sure the missing libraries mentioned above are installed properly if you would like to use GPU. Follow the guide at https://www.tensorflow.org/install/gpu for how to download and setup the required libraries for your platform.
Skipping registering GPU devices...
Exception ignored in: <function AtomicFunction.__del__ at 0x7f379db1aa60>
Traceback (most recent call last):
  File "/software/python-anaconda-2021.05-el8-x86_64/lib/python3.8/site-packages/tensorflow/python/eager/polymorphic_function/atomic_function.py", line 218, in __del__
TypeError: 'NoneType' object is not subscriptable
Exception ignored in: <function AtomicFunction.__del__ at 0x7f379db1aa60>
Traceback (most recent call last):
  File "/software/python-anaconda-2021.05-el8-x86_64/lib/python3.8/site-packages/tensorflow/python/eager/polymorphic_function/atomic_function.py", line 218, in __del__
TypeError: 'NoneType' object is not subscriptable
Exception ignored in: <function AtomicFunction.__del__ at 0x7f379db1aa60>
Traceback (most recent call last):
  File "/software/python-anaconda-2021.05-el8-x86_64/lib/python3.8/site-packages/tensorflow/python/eager/polymorphic_function/atomic_function.py", line 218, in __del__
TypeError: 'NoneType' object is not subscriptable
Exception ignored in: <function AtomicFunction.__del__ at 0x7f379db1aa60>
Traceback (most recent call last):
  File "/software/python-anaconda-2021.05-el8-x86_64/lib/python3.8/site-packages/tensorflow/python/eager/polymorphic_function/atomic_function.py", line 218, in __del__
TypeError: 'NoneType' object is not subscriptable
Exception ignored in: <function AtomicFunction.__del__ at 0x7f379db1aa60>
Traceback (most recent call last):
  File "/software/python-anaconda-2021.05-el8-x86_64/lib/python3.8/site-packages/tensorflow/python/eager/polymorphic_function/atomic_function.py", line 218, in __del__
TypeError: 'NoneType' object is not subscriptable
Exception ignored in: <function AtomicFunction.__del__ at 0x7f379db1aa60>
Traceback (most recent call last):
  File "/software/python-anaconda-2021.05-el8-x86_64/lib/python3.8/site-packages/tensorflow/python/eager/polymorphic_function/atomic_function.py", line 218, in __del__
TypeError: 'NoneType' object is not subscriptable
Exception ignored in: <function AtomicFunction.__del__ at 0x7f379db1aa60>
Traceback (most recent call last):
  File "/software/python-anaconda-2021.05-el8-x86_64/lib/python3.8/site-packages/tensorflow/python/eager/polymorphic_function/atomic_function.py", line 218, in __del__
TypeError: 'NoneType' object is not subscriptable
Exception ignored in: <function AtomicFunction.__del__ at 0x7f379db1aa60>
Traceback (most recent call last):
  File "/software/python-anaconda-2021.05-el8-x86_64/lib/python3.8/site-packages/tensorflow/python/eager/polymorphic_function/atomic_function.py", line 218, in __del__
TypeError: 'NoneType' object is not subscriptable
Exception ignored in: <function AtomicFunction.__del__ at 0x7f379db1aa60>
Traceback (most recent call last):
  File "/software/python-anaconda-2021.05-el8-x86_64/lib/python3.8/site-packages/tensorflow/python/eager/polymorphic_function/atomic_function.py", line 218, in __del__
TypeError: 'NoneType' object is not subscriptable
Exception ignored in: <function AtomicFunction.__del__ at 0x7f379db1aa60>
Traceback (most recent call last):
  File "/software/python-anaconda-2021.05-el8-x86_64/lib/python3.8/site-packages/tensorflow/python/eager/polymorphic_function/atomic_function.py", line 218, in __del__
TypeError: 'NoneType' object is not subscriptable
Exception ignored in: <function AtomicFunction.__del__ at 0x7f379db1aa60>
Traceback (most recent call last):
  File "/software/python-anaconda-2021.05-el8-x86_64/lib/python3.8/site-packages/tensorflow/python/eager/polymorphic_function/atomic_function.py", line 218, in __del__
TypeError: 'NoneType' object is not subscriptable
Exception ignored in: <function AtomicFunction.__del__ at 0x7f379db1aa60>
Traceback (most recent call last):
  File "/software/python-anaconda-2021.05-el8-x86_64/lib/python3.8/site-packages/tensorflow/python/eager/polymorphic_function/atomic_function.py", line 218, in __del__
TypeError: 'NoneType' object is not subscriptable
Exception ignored in: <function AtomicFunction.__del__ at 0x7f379db1aa60>
Traceback (most recent call last):
  File "/software/python-anaconda-2021.05-el8-x86_64/lib/python3.8/site-packages/tensorflow/python/eager/polymorphic_function/atomic_function.py", line 218, in __del__
TypeError: 'NoneType' object is not subscriptable
Exception ignored in: <function AtomicFunction.__del__ at 0x7f379db1aa60>
Traceback (most recent call last):
  File "/software/python-anaconda-2021.05-el8-x86_64/lib/python3.8/site-packages/tensorflow/python/eager/polymorphic_function/atomic_function.py", line 218, in __del__
TypeError: 'NoneType' object is not subscriptable
Exception ignored in: <function AtomicFunction.__del__ at 0x7f379db1aa60>
Traceback (most recent call last):
  File "/software/python-anaconda-2021.05-el8-x86_64/lib/python3.8/site-packages/tensorflow/python/eager/polymorphic_function/atomic_function.py", line 218, in __del__
TypeError: 'NoneType' object is not subscriptable
Exception ignored in: <function AtomicFunction.__del__ at 0x7f379db1aa60>
Traceback (most recent call last):
  File "/software/python-anaconda-2021.05-el8-x86_64/lib/python3.8/site-packages/tensorflow/python/eager/polymorphic_function/atomic_function.py", line 218, in __del__
TypeError: 'NoneType' object is not subscriptable
Exception ignored in: <function AtomicFunction.__del__ at 0x7f379db1aa60>
Traceback (most recent call last):
  File "/software/python-anaconda-2021.05-el8-x86_64/lib/python3.8/site-packages/tensorflow/python/eager/polymorphic_function/atomic_function.py", line 218, in __del__
TypeError: 'NoneType' object is not subscriptable
Exception ignored in: <function AtomicFunction.__del__ at 0x7f379db1aa60>
Traceback (most recent call last):
  File "/software/python-anaconda-2021.05-el8-x86_64/lib/python3.8/site-packages/tensorflow/python/eager/polymorphic_function/atomic_function.py", line 218, in __del__
TypeError: 'NoneType' object is not subscriptable
Exception ignored in: <function AtomicFunction.__del__ at 0x7f379db1aa60>
Traceback (most recent call last):
  File "/software/python-anaconda-2021.05-el8-x86_64/lib/python3.8/site-packages/tensorflow/python/eager/polymorphic_function/atomic_function.py", line 218, in __del__
TypeError: 'NoneType' object is not subscriptable
Exception ignored in: <function AtomicFunction.__del__ at 0x7f379db1aa60>
Traceback (most recent call last):
  File "/software/python-anaconda-2021.05-el8-x86_64/lib/python3.8/site-packages/tensorflow/python/eager/polymorphic_function/atomic_function.py", line 218, in __del__
TypeError: 'NoneType' object is not subscriptable
Exception ignored in: <function AtomicFunction.__del__ at 0x7f379db1aa60>
Traceback (most recent call last):
  File "/software/python-anaconda-2021.05-el8-x86_64/lib/python3.8/site-packages/tensorflow/python/eager/polymorphic_function/atomic_function.py", line 218, in __del__
TypeError: 'NoneType' object is not subscriptable
Exception ignored in: <function AtomicFunction.__del__ at 0x7f379db1aa60>
Traceback (most recent call last):
  File "/software/python-anaconda-2021.05-el8-x86_64/lib/python3.8/site-packages/tensorflow/python/eager/polymorphic_function/atomic_function.py", line 218, in __del__
TypeError: 'NoneType' object is not subscriptable
Exception ignored in: <function AtomicFunction.__del__ at 0x7f379db1aa60>
Traceback (most recent call last):
  File "/software/python-anaconda-2021.05-el8-x86_64/lib/python3.8/site-packages/tensorflow/python/eager/polymorphic_function/atomic_function.py", line 218, in __del__
TypeError: 'NoneType' object is not subscriptable
Exception ignored in: <function AtomicFunction.__del__ at 0x7f379db1aa60>
Traceback (most recent call last):
  File "/software/python-anaconda-2021.05-el8-x86_64/lib/python3.8/site-packages/tensorflow/python/eager/polymorphic_function/atomic_function.py", line 218, in __del__
TypeError: 'NoneType' object is not subscriptable
Exception ignored in: <function AtomicFunction.__del__ at 0x7f379db1aa60>
Traceback (most recent call last):
  File "/software/python-anaconda-2021.05-el8-x86_64/lib/python3.8/site-packages/tensorflow/python/eager/polymorphic_function/atomic_function.py", line 218, in __del__
TypeError: 'NoneType' object is not subscriptable
Exception ignored in: <function AtomicFunction.__del__ at 0x7f379db1aa60>
Traceback (most recent call last):
  File "/software/python-anaconda-2021.05-el8-x86_64/lib/python3.8/site-packages/tensorflow/python/eager/polymorphic_function/atomic_function.py", line 218, in __del__
TypeError: 'NoneType' object is not subscriptable
Exception ignored in: <function AtomicFunction.__del__ at 0x7f379db1aa60>
Traceback (most recent call last):
  File "/software/python-anaconda-2021.05-el8-x86_64/lib/python3.8/site-packages/tensorflow/python/eager/polymorphic_function/atomic_function.py", line 218, in __del__
TypeError: 'NoneType' object is not subscriptable
Exception ignored in: <function AtomicFunction.__del__ at 0x7f379db1aa60>
Traceback (most recent call last):
  File "/software/python-anaconda-2021.05-el8-x86_64/lib/python3.8/site-packages/tensorflow/python/eager/polymorphic_function/atomic_function.py", line 218, in __del__
TypeError: 'NoneType' object is not subscriptable
Exception ignored in: <function AtomicFunction.__del__ at 0x7f379db1aa60>
Traceback (most recent call last):
  File "/software/python-anaconda-2021.05-el8-x86_64/lib/python3.8/site-packages/tensorflow/python/eager/polymorphic_function/atomic_function.py", line 218, in __del__
TypeError: 'NoneType' object is not subscriptable
Exception ignored in: <function AtomicFunction.__del__ at 0x7f379db1aa60>
Traceback (most recent call last):
  File "/software/python-anaconda-2021.05-el8-x86_64/lib/python3.8/site-packages/tensorflow/python/eager/polymorphic_function/atomic_function.py", line 218, in __del__
TypeError: 'NoneType' object is not subscriptable
2023-12-05 17:15:16.425355: I tensorflow/core/util/port.cc:110] oneDNN custom operations are on. You may see slightly different numerical results due to floating-point round-off errors from different computation orders. To turn them off, set the environment variable `TF_ENABLE_ONEDNN_OPTS=0`.
2023-12-05 17:15:16.427124: I tensorflow/tsl/cuda/cudart_stub.cc:28] Could not find cuda drivers on your machine, GPU will not be used.
2023-12-05 17:15:16.467134: I tensorflow/tsl/cuda/cudart_stub.cc:28] Could not find cuda drivers on your machine, GPU will not be used.
2023-12-05 17:15:16.467608: I tensorflow/core/platform/cpu_feature_guard.cc:182] This TensorFlow binary is optimized to use available CPU instructions in performance-critical operations.
To enable the following instructions: AVX2 AVX512F AVX512_VNNI FMA, in other operations, rebuild TensorFlow with the appropriate compiler flags.
2023-12-05 17:15:17.585272: W tensorflow/compiler/tf2tensorrt/utils/py_utils.cc:38] TF-TRT Warning: Could not find TensorRT
2023-12-05 17:15:18.952574: W tensorflow/core/common_runtime/gpu/gpu_device.cc:1960] Cannot dlopen some GPU libraries. Please make sure the missing libraries mentioned above are installed properly if you would like to use GPU. Follow the guide at https://www.tensorflow.org/install/gpu for how to download and setup the required libraries for your platform.
Skipping registering GPU devices...
