Export folder: /scratch/midway3/bincheng/pre_tech_pre_damage_models_12042023_tensorboard_version_2
modification
Program starts Mon Dec  4 23:31:17 CST 2023
Post-tech post-jump model has not yet been trained. Trainning now... 
Tensorboard boolean = True
Training with post_damage_post_tech
Simulate Paths at /scratch/midway3/bincheng/pre_tech_pre_damage_models_12042023_tensorboard_version_2/pre_tech_post_damage/log_xi_idx_0
Simulate Paths at /scratch/midway3/bincheng/pre_tech_pre_damage_models_12042023_tensorboard_version_2/pre_tech_post_damage/log_xi_idx_1
Simulate Paths at /scratch/midway3/bincheng/pre_tech_pre_damage_models_12042023_tensorboard_version_2/pre_tech_post_damage/log_xi_idx_2
Simulate Paths at /scratch/midway3/bincheng/pre_tech_pre_damage_models_12042023_tensorboard_version_2/pre_tech_post_damage/log_xi_idx_3
Simulate Paths at /scratch/midway3/bincheng/pre_tech_pre_damage_models_12042023_tensorboard_version_2/pre_tech_post_damage/log_xi_idx_4
Simulate Paths at /scratch/midway3/bincheng/pre_tech_pre_damage_models_12042023_tensorboard_version_2/pre_tech_post_damage/log_xi_idx_5
Simulate Paths at /scratch/midway3/bincheng/pre_tech_pre_damage_models_12042023_tensorboard_version_2/pre_tech_post_damage/log_xi_idx_6
Simulate Paths at /scratch/midway3/bincheng/pre_tech_pre_damage_models_12042023_tensorboard_version_2/pre_tech_post_damage/log_xi_idx_7
Simulate Paths at /scratch/midway3/bincheng/pre_tech_pre_damage_models_12042023_tensorboard_version_2/pre_tech_post_damage/log_xi_idx_8
Simulate Paths at /scratch/midway3/bincheng/pre_tech_pre_damage_models_12042023_tensorboard_version_2/pre_tech_post_damage/log_xi_idx_9
Tensorboard boolean = True
pre_tech_post_damage
pre_tech_post_damage
Pre tech model detected. Building a neural network for i_I
Training with pre_tech_post_damage
Tensorboard boolean = False
pre_damage_post_tech
Training with pre_damage_post_tech
Tensorboard boolean = True
pre_tech_pre_damage
pre_tech_pre_damage
Pre tech model detected. Building a neural network for i_I
Training with pre_tech_pre_damage
Program ends Mon Dec  4 23:39:31 CST 2023
Elapsed time: 0 days 00 hr 08 min 14 sec
